Gunnar_stuff/Android/snakeGame/app/build/outputs/logs/manifest-merger-debug-report.txt
-- Merging decision tree log ---
manifest
ADDED from src\main\AndroidManifest.xml:22:1-35:12
	package
		ADDED from src\main\AndroidManifest.xml:23:5-40
		INJECTED from src\main\AndroidManifest.xml
		INJECTED from src\main\AndroidManifest.xml
	xmlns:android
		ADDED from src\main\AndroidManifest.xml:22:11-69
application
ADDED from src\main\AndroidManifest.xml:24:5-34:19
	android:label
		ADDED from src\main\AndroidManifest.xml:24:18-50
activity#com.example.android.snake.Snake
ADDED from src\main\AndroidManifest.xml:25:7-33:20
	android:screenOrientation
		ADDED from src\main\AndroidManifest.xml:27:9-45
	android:configChanges
		ADDED from src\main\AndroidManifest.xml:28:9-59
	android:theme
		ADDED from src\main\AndroidManifest.xml:26:9-56
	android:name
		ADDED from src\main\AndroidManifest.xml:25:17-37
intent-filter#android.intent.action.MAIN+android.intent.category.LAUNCHER
ADDED from src\main\AndroidManifest.xml:29:13-32:29
action#android.intent.action.MAIN
ADDED from src\main\AndroidManifest.xml:30:17-69
	android:name
		ADDED from src\main\AndroidManifest.xml:30:25-66
category#android.intent.category.LAUNCHER
ADDED from src\main\AndroidManifest.xml:31:17-77
	android:name
		ADDED from src\main\AndroidManifest.xml:31:27-74